2026-05-03 20:01:55,400 INFO o.a.j.u.JMeterUtils: Setting Locale to en_EN
2026-05-03 20:01:55,423 INFO o.a.j.JMeter: Loading user properties from: C:\Users\helen\Documents\toto\qualite\apache-jmeter-5.6.3\bin\user.properties
2026-05-03 20:01:55,423 INFO o.a.j.JMeter: Loading system properties from: C:\Users\helen\Documents\toto\qualite\apache-jmeter-5.6.3\bin\system.properties
2026-05-03 20:01:55,431 INFO o.a.j.JMeter: Copyright (c) 1998-2024 The Apache Software Foundation
2026-05-03 20:01:55,431 INFO o.a.j.JMeter: Version 5.6.3
2026-05-03 20:01:55,431 INFO o.a.j.JMeter: java.version=21.0.11
2026-05-03 20:01:55,431 INFO o.a.j.JMeter: java.vm.name=Java HotSpot(TM) 64-Bit Server VM
2026-05-03 20:01:55,431 INFO o.a.j.JMeter: os.name=Windows 11
2026-05-03 20:01:55,431 INFO o.a.j.JMeter: os.arch=amd64
2026-05-03 20:01:55,431 INFO o.a.j.JMeter: os.version=10.0
2026-05-03 20:01:55,431 INFO o.a.j.JMeter: file.encoding=UTF-8
2026-05-03 20:01:55,431 INFO o.a.j.JMeter: java.awt.headless=true
2026-05-03 20:01:55,431 INFO o.a.j.JMeter: Max memory     =1073741824
2026-05-03 20:01:55,432 INFO o.a.j.JMeter: Available Processors =8
2026-05-03 20:01:55,442 INFO o.a.j.JMeter: Default Locale=English (EN)
2026-05-03 20:01:55,442 INFO o.a.j.JMeter: JMeter  Locale=English (EN)
2026-05-03 20:01:55,442 INFO o.a.j.JMeter: JMeterHome=C:\Users\helen\Documents\toto\qualite\apache-jmeter-5.6.3
2026-05-03 20:01:55,442 INFO o.a.j.JMeter: user.dir  =C:\Users\helen\Documents\toto\qualite\rendu\workspace-jmeter
2026-05-03 20:01:55,442 INFO o.a.j.JMeter: PWD       =C:\Users\helen\Documents\toto\qualite\rendu\workspace-jmeter
2026-05-03 20:01:55,462 INFO o.a.j.JMeter: IP: 192.168.0.164 Name: HELENA FullName: 192.168.0.164
2026-05-03 20:01:55,473 INFO o.a.j.JMeter: Setting property 'jmeter.reportgenerator.outputdir' to:'C:\Users\helen\Documents\toto\qualite\rendu\workspace-jmeter\outputs\output-test_plan-multi_user'
2026-05-03 20:01:55,473 INFO o.a.j.s.FileServer: Default base='C:\Users\helen\Documents\toto\qualite\rendu\workspace-jmeter'
2026-05-03 20:01:55,473 INFO o.a.j.s.FileServer: Set new base='C:\Users\helen\Documents\toto\qualite\rendu\workspace-jmeter\test_plans'
2026-05-03 20:01:55,667 INFO o.a.j.s.SaveService: Testplan (JMX) version: 2.2. Testlog (JTL) version: 2.2
2026-05-03 20:01:55,711 INFO o.a.j.s.SaveService: Using SaveService properties version 5.0
2026-05-03 20:01:55,713 INFO o.a.j.s.SaveService: Using SaveService properties file encoding UTF-8
2026-05-03 20:01:55,717 INFO o.a.j.s.SaveService: Loading file: test_plans\test_plan-multi_user.jmx
2026-05-03 20:01:55,819 INFO o.a.j.JMeter: Creating summariser <summary>
2026-05-03 20:01:55,824 INFO o.a.j.r.d.ReportGenerator: ReportGenerator will use for Parsing the separator: ','
2026-05-03 20:01:55,824 INFO o.a.j.r.d.ReportGenerator: Will generate report at end of test from  results file: results\result-test_plan-multi_user.jtl
2026-05-03 20:01:55,824 INFO o.a.j.r.d.ReportGenerator: Reading report generator properties from: C:\Users\helen\Documents\toto\qualite\apache-jmeter-5.6.3\bin\reportgenerator.properties
2026-05-03 20:01:55,824 INFO o.a.j.r.d.ReportGenerator: Merging with JMeter properties
2026-05-03 20:01:55,829 INFO o.a.j.r.c.ReportGeneratorConfiguration: Property 'jmeter.reportgenerator.temp_dir' not found, using default value 'temp' instead.
2026-05-03 20:01:55,829 INFO o.a.j.r.c.ReportGeneratorConfiguration: Property 'jmeter.reportgenerator.apdex_per_transaction' not found, using default value 'null' instead.
2026-05-03 20:01:55,842 INFO o.a.j.r.c.ReportGeneratorConfiguration: apdex_per_transaction is empty, not APDEX per transaction customization
2026-05-03 20:01:55,842 INFO o.a.j.r.c.ReportGeneratorConfiguration: Property 'jmeter.reportgenerator.sample_filter' not found, using default value 'null' instead.
2026-05-03 20:01:55,842 INFO o.a.j.r.c.ReportGeneratorConfiguration: Property 'jmeter.reportgenerator.report_title' not found, using default value 'null' instead.
2026-05-03 20:01:55,842 INFO o.a.j.r.c.ReportGeneratorConfiguration: Property 'jmeter.reportgenerator.start_date' not found, using default value 'null' instead.
2026-05-03 20:01:55,842 INFO o.a.j.r.c.ReportGeneratorConfiguration: Property 'jmeter.reportgenerator.end_date' not found, using default value 'null' instead.
2026-05-03 20:01:55,842 INFO o.a.j.r.c.ReportGeneratorConfiguration: Property 'jmeter.reportgenerator.date_format' not found, using default value 'null' instead.
2026-05-03 20:01:55,842 INFO o.a.j.r.c.ReportGeneratorConfiguration: Will use date range start date: null, end date: null
2026-05-03 20:01:55,845 INFO o.a.j.r.c.ReportGeneratorConfiguration: Property 'jmeter.reportgenerator.graph.totalTPS.exclude_controllers' not found, using default value 'false' instead.
2026-05-03 20:01:55,845 INFO o.a.j.r.c.ReportGeneratorConfiguration: Property 'jmeter.reportgenerator.graph.activeThreadsOverTime.exclude_controllers' not found, using default value 'false' instead.
2026-05-03 20:01:55,845 INFO o.a.j.r.c.ReportGeneratorConfiguration: Property 'jmeter.reportgenerator.graph.timeVsThreads.exclude_controllers' not found, using default value 'false' instead.
2026-05-03 20:01:55,845 INFO o.a.j.r.c.ReportGeneratorConfiguration: Property 'jmeter.reportgenerator.graph.responseTimeDistribution.exclude_controllers' not found, using default value 'false' instead.
2026-05-03 20:01:55,845 INFO o.a.j.r.c.ReportGeneratorConfiguration: Property 'jmeter.reportgenerator.graph.transactionsPerSecond.exclude_controllers' not found, using default value 'false' instead.
2026-05-03 20:01:55,845 INFO o.a.j.r.c.ReportGeneratorConfiguration: Property 'jmeter.reportgenerator.graph.responseTimePercentiles.exclude_controllers' not found, using default value 'false' instead.
2026-05-03 20:01:55,845 INFO o.a.j.r.c.ReportGeneratorConfiguration: Property 'jmeter.reportgenerator.graph.responseTimePercentilesOverTime.exclude_controllers' not found, using default value 'false' instead.
2026-05-03 20:01:55,845 INFO o.a.j.r.c.ReportGeneratorConfiguration: Property 'jmeter.reportgenerator.graph.responseTimesOverTime.exclude_controllers' not found, using default value 'false' instead.
2026-05-03 20:01:55,845 INFO o.a.j.r.c.ReportGeneratorConfiguration: Property 'jmeter.reportgenerator.graph.connectTimeOverTime.exclude_controllers' not found, using default value 'false' instead.
2026-05-03 20:01:55,845 INFO o.a.j.r.c.ReportGeneratorConfiguration: Property 'jmeter.reportgenerator.graph.latenciesOverTime.exclude_controllers' not found, using default value 'false' instead.
2026-05-03 20:01:55,845 INFO o.a.j.r.c.ReportGeneratorConfiguration: Property 'jmeter.reportgenerator.exporter.json.filters_only_sample_series' not found, using default value 'true' instead.
2026-05-03 20:01:55,845 INFO o.a.j.r.c.ReportGeneratorConfiguration: Property 'jmeter.reportgenerator.exporter.json.series_filter' not found, using default value '' instead.
2026-05-03 20:01:55,845 INFO o.a.j.r.c.ReportGeneratorConfiguration: Property 'jmeter.reportgenerator.exporter.json.show_controllers_only' not found, using default value 'false' instead.
2026-05-03 20:01:55,845 INFO o.a.j.r.c.ReportGeneratorConfiguration: Property 'jmeter.reportgenerator.exporter.html.filters_only_sample_series' not found, using default value 'true' instead.
2026-05-03 20:01:55,845 INFO o.a.j.r.c.ReportGeneratorConfiguration: Property 'jmeter.reportgenerator.exporter.html.series_filter' not found, using default value '' instead.
2026-05-03 20:01:55,845 INFO o.a.j.r.c.ReportGeneratorConfiguration: Property 'jmeter.reportgenerator.exporter.html.show_controllers_only' not found, using default value 'false' instead.
2026-05-03 20:01:55,866 INFO o.a.j.e.StandardJMeterEngine: Running the test!
2026-05-03 20:01:55,866 INFO o.a.j.s.SampleEvent: List of sample_variables: []
2026-05-03 20:01:55,866 INFO o.a.j.s.SampleEvent: List of sample_variables: []
2026-05-03 20:01:55,870 INFO o.a.j.e.u.CompoundVariable: Note: Function class names must contain the string: '.functions.'
2026-05-03 20:01:55,874 INFO o.a.j.e.u.CompoundVariable: Note: Function class names must not contain the string: '.gui.'
2026-05-03 20:01:55,960 INFO o.a.j.JMeter: Running test (1777831315960)
2026-05-03 20:01:55,980 INFO o.a.j.e.StandardJMeterEngine: Starting ThreadGroup: 1 : Groupe d'unités : Client 1
2026-05-03 20:01:55,980 INFO o.a.j.e.StandardJMeterEngine: Starting 1 threads for group Groupe d'unités : Client 1.
2026-05-03 20:01:55,980 INFO o.a.j.e.StandardJMeterEngine: Test will stop abruptly on error
2026-05-03 20:01:55,980 INFO o.a.j.t.ThreadGroup: Starting thread group... number=1 threads=1 ramp-up=1 delayedStart=false
2026-05-03 20:01:55,984 INFO o.a.j.t.ThreadGroup: Started thread group number 1
2026-05-03 20:01:55,984 INFO o.a.j.e.StandardJMeterEngine: Starting ThreadGroup: 2 : Groupe d'unités : Client 2
2026-05-03 20:01:55,986 INFO o.a.j.e.StandardJMeterEngine: Starting 1 threads for group Groupe d'unités : Client 2.
2026-05-03 20:01:55,986 INFO o.a.j.e.StandardJMeterEngine: Test will stop abruptly on error
2026-05-03 20:01:55,986 INFO o.a.j.t.ThreadGroup: Starting thread group... number=2 threads=1 ramp-up=1 delayedStart=false
2026-05-03 20:01:55,988 INFO o.a.j.t.ThreadGroup: Started thread group number 2
2026-05-03 20:01:55,988 INFO o.a.j.e.StandardJMeterEngine: All thread groups have been started
2026-05-03 20:01:55,994 INFO o.a.j.t.JMeterThread: Thread started: Groupe d'unités : Client 2 2-1
2026-05-03 20:01:55,997 INFO o.a.j.t.JMeterThread: Thread started: Groupe d'unités : Client 1 1-1
2026-05-03 20:01:55,998 INFO o.a.j.p.t.s.TCPClientImpl: Using platform default charset:UTF-8
2026-05-03 20:01:55,998 INFO o.a.j.p.t.s.TCPSampler: Using eolByte=10
2026-05-03 20:01:55,999 INFO o.a.j.s.SampleResult: Note: Sample TimeStamps are START times
2026-05-03 20:01:55,999 INFO o.a.j.s.SampleResult: sampleresult.default.encoding is set to UTF-8
2026-05-03 20:01:55,999 INFO o.a.j.s.SampleResult: sampleresult.useNanoTime=true
2026-05-03 20:01:55,999 INFO o.a.j.s.SampleResult: sampleresult.nanoThreadSleep=5000
2026-05-03 20:01:56,009 INFO o.a.j.p.t.s.TCPClientImpl: Using platform default charset:UTF-8
2026-05-03 20:01:56,009 INFO o.a.j.p.t.s.TCPSampler: Using eolByte=10
2026-05-03 20:01:59,009 INFO o.a.j.p.t.s.TCPClientImpl: Using platform default charset:UTF-8
2026-05-03 20:01:59,009 INFO o.a.j.p.t.s.TCPSampler: Using eolByte=10
2026-05-03 20:01:59,014 INFO o.a.j.p.t.s.TCPClientImpl: Using platform default charset:UTF-8
2026-05-03 20:01:59,015 INFO o.a.j.p.t.s.TCPSampler: Using eolByte=10
2026-05-03 20:02:02,092 INFO o.a.j.p.t.s.TCPClientImpl: Using platform default charset:UTF-8
2026-05-03 20:02:02,092 INFO o.a.j.p.t.s.TCPSampler: Using eolByte=10
2026-05-03 20:02:02,101 INFO o.a.j.r.Summariser: summary +      4 in 00:00:06 =    0.7/s Avg:   752 Min:     1 Max:  3003 Err:     0 (0.00%) Active: 2 Started: 2 Finished: 0
2026-05-03 20:02:02,103 INFO o.a.j.p.t.s.TCPClientImpl: Using platform default charset:UTF-8
2026-05-03 20:02:02,103 INFO o.a.j.p.t.s.TCPSampler: Using eolByte=10
2026-05-03 20:02:05,177 INFO o.a.j.p.t.s.TCPClientImpl: Using platform default charset:UTF-8
2026-05-03 20:02:05,177 INFO o.a.j.p.t.s.TCPSampler: Using eolByte=10
2026-05-03 20:02:05,181 INFO o.a.j.p.t.s.TCPClientImpl: Using platform default charset:UTF-8
2026-05-03 20:02:05,182 INFO o.a.j.p.t.s.TCPSampler: Using eolByte=10
2026-05-03 20:02:08,286 INFO o.a.j.p.t.s.TCPClientImpl: Using platform default charset:UTF-8
2026-05-03 20:02:08,288 INFO o.a.j.p.t.s.TCPSampler: Using eolByte=10
2026-05-03 20:02:08,291 INFO o.a.j.p.t.s.TCPClientImpl: Using platform default charset:UTF-8
2026-05-03 20:02:08,291 INFO o.a.j.p.t.s.TCPSampler: Using eolByte=10
2026-05-03 20:02:11,336 INFO o.a.j.p.t.s.TCPClientImpl: Using platform default charset:UTF-8
2026-05-03 20:02:11,336 INFO o.a.j.p.t.s.TCPSampler: Using eolByte=10
2026-05-03 20:02:11,338 INFO o.a.j.t.JMeterThread: Thread is done: Groupe d'unités : Client 1 1-1
2026-05-03 20:02:11,338 INFO o.a.j.t.JMeterThread: Thread finished: Groupe d'unités : Client 1 1-1
2026-05-03 20:02:11,340 INFO o.a.j.t.JMeterThread: Thread is done: Groupe d'unités : Client 2 2-1
2026-05-03 20:02:11,340 INFO o.a.j.t.JMeterThread: Thread finished: Groupe d'unités : Client 2 2-1
2026-05-03 20:02:11,340 INFO o.a.j.e.StandardJMeterEngine: Notifying test listeners of end of test
2026-05-03 20:02:11,353 INFO o.a.j.r.Summariser: summary +      7 in 00:00:09 =    0.8/s Avg:  1759 Min:     1 Max:  3108 Err:     0 (0.00%) Active: 0 Started: 2 Finished: 2
2026-05-03 20:02:11,353 INFO o.a.j.r.Summariser: summary =     11 in 00:00:15 =    0.7/s Avg:  1393 Min:     1 Max:  3108 Err:     0 (0.00%)
2026-05-03 20:02:11,353 INFO o.a.j.JMeter: Generating Dashboard
2026-05-03 20:02:11,353 INFO o.a.j.r.d.ReportGenerator: Flushing result collector before report Generation
2026-05-03 20:02:11,378 INFO o.a.j.r.p.NormalizerSampleConsumer: Using format, 'ms', to parse timeStamp field
2026-05-03 20:02:11,486 INFO o.a.j.r.p.AbstractSampleConsumer: class org.apache.jmeter.report.processor.AggregateConsumer#stopProducing(): beginDate produced 0 samples
2026-05-03 20:02:11,486 INFO o.a.j.r.p.AbstractSampleConsumer: class org.apache.jmeter.report.processor.AggregateConsumer#stopProducing(): endDate produced 0 samples
2026-05-03 20:02:11,490 INFO o.a.j.r.p.AbstractSampleConsumer: class org.apache.jmeter.report.processor.ApdexSummaryConsumer#stopProducing(): apdexSummary produced 0 samples
2026-05-03 20:02:11,490 INFO o.a.j.r.p.AbstractSampleConsumer: class org.apache.jmeter.report.processor.RequestsSummaryConsumer#stopProducing(): requestsSummary produced 0 samples
2026-05-03 20:02:11,499 INFO o.a.j.r.p.AbstractSampleConsumer: class org.apache.jmeter.report.processor.StatisticsSummaryConsumer#stopProducing(): statisticsSummary produced 0 samples
2026-05-03 20:02:11,500 INFO o.a.j.r.p.AbstractSampleConsumer: class org.apache.jmeter.report.processor.Top5ErrorsBySamplerConsumer#stopProducing(): top5ErrorsBySampler produced 0 samples
2026-05-03 20:02:11,500 INFO o.a.j.r.p.AbstractSampleConsumer: class org.apache.jmeter.report.processor.ErrorsSummaryConsumer#stopProducing(): errorsSummary produced 0 samples
2026-05-03 20:02:11,500 INFO o.a.j.r.p.AbstractSampleConsumer: class org.apache.jmeter.report.processor.graph.impl.HitsPerSecondGraphConsumer#stopProducing(): hitsPerSecond produced 0 samples
2026-05-03 20:02:11,513 INFO o.a.j.r.p.AbstractSampleConsumer: class org.apache.jmeter.report.processor.graph.impl.LatencyVSRequestGraphConsumer#stopProducing(): latencyVsRequest produced 0 samples
2026-05-03 20:02:11,513 INFO o.a.j.r.p.AbstractSampleConsumer: class org.apache.jmeter.report.processor.graph.impl.SyntheticResponseTimeDistributionGraphConsumer#stopProducing(): syntheticResponseTimeDistribution produced 0 samples
2026-05-03 20:02:11,513 INFO o.a.j.r.p.AbstractSampleConsumer: class org.apache.jmeter.report.processor.graph.impl.BytesThroughputGraphConsumer#stopProducing(): bytesThroughputOverTime produced 0 samples
2026-05-03 20:02:11,513 INFO o.a.j.r.p.AbstractSampleConsumer: class org.apache.jmeter.report.processor.graph.impl.CodesPerSecondGraphConsumer#stopProducing(): codesPerSecond produced 0 samples
2026-05-03 20:02:11,513 INFO o.a.j.r.p.AbstractSampleConsumer: class org.apache.jmeter.report.processor.graph.impl.ResponseTimeVSRequestGraphConsumer#stopProducing(): responseTimeVsRequest produced 0 samples
2026-05-03 20:02:11,522 INFO o.a.j.r.p.AbstractSampleConsumer: class org.apache.jmeter.report.processor.FilterConsumer#stopProducing(): startIntervalControlerFilter produced 77 samples
2026-05-03 20:02:11,522 INFO o.a.j.r.p.AbstractSampleConsumer: class org.apache.jmeter.report.processor.graph.impl.TotalTPSGraphConsumer#stopProducing(): totalTPS produced 0 samples
2026-05-03 20:02:11,522 INFO o.a.j.r.p.AbstractSampleConsumer: class org.apache.jmeter.report.processor.graph.impl.ActiveThreadsGraphConsumer#stopProducing(): activeThreadsOverTime produced 0 samples
2026-05-03 20:02:11,522 INFO o.a.j.r.p.AbstractSampleConsumer: class org.apache.jmeter.report.processor.graph.impl.TimeVSThreadGraphConsumer#stopProducing(): timeVsThreads produced 0 samples
2026-05-03 20:02:11,522 INFO o.a.j.r.p.AbstractSampleConsumer: class org.apache.jmeter.report.processor.graph.impl.ResponseTimeDistributionGraphConsumer#stopProducing(): responseTimeDistribution produced 0 samples
2026-05-03 20:02:11,522 INFO o.a.j.r.p.AbstractSampleConsumer: class org.apache.jmeter.report.processor.graph.impl.TransactionsPerSecondGraphConsumer#stopProducing(): transactionsPerSecond produced 0 samples
2026-05-03 20:02:11,522 INFO o.a.j.r.p.AbstractSampleConsumer: class org.apache.jmeter.report.processor.graph.impl.ResponseTimePercentilesGraphConsumer#stopProducing(): responseTimePercentiles produced 0 samples
2026-05-03 20:02:11,527 INFO o.a.j.r.p.AbstractSampleConsumer: class org.apache.jmeter.report.processor.graph.impl.ResponseTimePercentilesOverTimeGraphConsumer#stopProducing(): responseTimePercentilesOverTime produced 0 samples
2026-05-03 20:02:11,527 INFO o.a.j.r.p.AbstractSampleConsumer: class org.apache.jmeter.report.processor.graph.impl.ResponseTimeOverTimeGraphConsumer#stopProducing(): responseTimesOverTime produced 0 samples
2026-05-03 20:02:11,527 INFO o.a.j.r.p.AbstractSampleConsumer: class org.apache.jmeter.report.processor.graph.impl.ConnectTimeOverTimeGraphConsumer#stopProducing(): connectTimeOverTime produced 0 samples
2026-05-03 20:02:11,527 INFO o.a.j.r.p.AbstractSampleConsumer: class org.apache.jmeter.report.processor.graph.impl.LatencyOverTimeGraphConsumer#stopProducing(): latenciesOverTime produced 0 samples
2026-05-03 20:02:11,527 INFO o.a.j.r.p.AbstractSampleConsumer: class org.apache.jmeter.report.processor.FilterConsumer#stopProducing(): nameFilter produced 165 samples
2026-05-03 20:02:11,529 INFO o.a.j.r.p.AbstractSampleConsumer: class org.apache.jmeter.report.processor.FilterConsumer#stopProducing(): dateRangeFilter produced 33 samples
2026-05-03 20:02:11,529 INFO o.a.j.r.p.AbstractSampleConsumer: class org.apache.jmeter.report.processor.NormalizerSampleConsumer#stopProducing(): normalizer produced 11 samples
2026-05-03 20:02:11,529 INFO o.a.j.r.p.CsvFileSampleSource: produce(): 11 samples produced in 106ms on channel 0
2026-05-03 20:02:11,529 INFO o.a.j.r.d.ReportGenerator: Exporting data using exporter:'json' of className:'org.apache.jmeter.report.dashboard.JsonExporter'
2026-05-03 20:02:11,622 INFO o.a.j.r.d.JsonExporter: Found data for consumer statisticsSummary in context
2026-05-03 20:02:11,622 INFO o.a.j.r.d.JsonExporter: Creating statistics for overall
2026-05-03 20:02:11,622 INFO o.a.j.r.d.JsonExporter: Creating statistics for other transactions
2026-05-03 20:02:11,622 INFO o.a.j.r.d.JsonExporter: Checking output folder
2026-05-03 20:02:11,625 INFO o.a.j.r.d.JsonExporter: Writing statistics JSON to C:\Users\helen\Documents\toto\qualite\rendu\workspace-jmeter\outputs\output-test_plan-multi_user\statistics.json
2026-05-03 20:02:11,674 INFO o.a.j.r.d.ReportGenerator: Exporting data using exporter:'html' of className:'org.apache.jmeter.report.dashboard.HtmlTemplateExporter'
2026-05-03 20:02:11,679 INFO o.a.j.r.d.HtmlTemplateExporter: Will generate dashboard in folder: C:\Users\helen\Documents\toto\qualite\rendu\workspace-jmeter\outputs\output-test_plan-multi_user
2026-05-03 20:02:11,860 INFO o.a.j.r.d.HtmlTemplateExporter: Report will be generated in: C:\Users\helen\Documents\toto\qualite\rendu\workspace-jmeter\outputs\output-test_plan-multi_user, creating folder structure
2026-05-03 20:02:11,860 INFO o.a.j.r.d.TemplateVisitor: Copying folder from 'C:\Users\helen\Documents\toto\qualite\apache-jmeter-5.6.3\bin\report-template' to 'C:\Users\helen\Documents\toto\qualite\rendu\workspace-jmeter\outputs\output-test_plan-multi_user', got message: C:\Users\helen\Documents\toto\qualite\rendu\workspace-jmeter\outputs\output-test_plan-multi_user, found non empty folder with following content [C:\Users\helen\Documents\toto\qualite\rendu\workspace-jmeter\outputs\output-test_plan-multi_user\statistics.json], will be ignored
2026-05-03 20:02:12,717 INFO o.a.j.JMeter: Dashboard generated
